# JRE version: Java(TM) SE Runtime Environment (21.0.5+9) (build 21.0.5+9-LTS-239)
# Java VM: Java HotSpot(TM) 64-Bit Server VM (21.0.5+9-LTS-239, mixed mode, emulated-client, sharing, tiered, compressed oops, compressed class ptrs, g1 gc, windows-amd64)
GC Precious Log:
 CardTable entry size: 512
 Card Set container configuration: InlinePtr #cards 5 size 8 Array Of Cards #cards 12 size 40 Howl #buckets 4 coarsen threshold 1843 Howl Bitmap #cards 512 size 80 coarsen threshold 460 Card regions per heap region 1 cards per card region 2048
 CPUs: 8 total, 8 available
 Memory: 8070M
 Large Page Support: Disabled
 NUMA Support: Disabled
 Compressed Oops: Enabled (32-bit)
 Heap Region Size: 1M
 Heap Min Capacity: 8M
 Heap Initial Capacity: 128M
 Heap Max Capacity: 2018M
 Pre-touch: Disabled
 Parallel Workers: 8
 Concurrent Workers: 2
 Concurrent Refinement Workers: 8
 Periodic GC: Disabled
Heap:
 garbage-first heap   total 82944K, used 56531K [0x0000000081e00000, 0x0000000100000000)
  region size 1024K, 31 young (31744K), 5 survivors (5120K)
 Metaspace       used 50328K, committed 50944K, reserved 1114112K
  class space    used 6863K, committed 7168K, reserved 1048576K
GC Heap History (16 events):
Event: 0.956 GC heap before
{Heap before GC invocations=0 (full 0):
 garbage-first heap   total 131072K, used 24576K [0x0000000081e00000, 0x0000000100000000)
  region size 1024K, 23 young (23552K), 0 survivors (0K)
 Metaspace       used 5902K, committed 6144K, reserved 1114112K
  class space    used 678K, committed 768K, reserved 1048576K
}
Event: 0.963 GC heap after
{Heap after GC invocations=1 (full 0):
 garbage-first heap   total 131072K, used 12288K [0x0000000081e00000, 0x0000000100000000)
  region size 1024K, 3 young (3072K), 3 survivors (3072K)
 Metaspace       used 5902K, committed 6144K, reserved 1114112K
  class space    used 678K, committed 768K, reserved 1048576K
}
Event: 1.553 GC heap before
{Heap before GC invocations=1 (full 0):
 garbage-first heap   total 131072K, used 35840K [0x0000000081e00000, 0x0000000100000000)
  region size 1024K, 26 young (26624K), 3 survivors (3072K)
 Metaspace       used 11405K, committed 11776K, reserved 1114112K
  class space    used 1499K, committed 1664K, reserved 1048576K
}
Event: 1.562 GC heap after
{Heap after GC invocations=2 (full 0):
 garbage-first heap   total 131072K, used 15323K [0x0000000081e00000, 0x0000000100000000)
  region size 1024K, 3 young (3072K), 3 survivors (3072K)
 Metaspace       used 11405K, committed 11776K, reserved 1114112K
  class space    used 1499K, committed 1664K, reserved 1048576K
}
Event: 2.155 GC heap before
{Heap before GC invocations=2 (full 0):
 garbage-first heap   total 131072K, used 53211K [0x0000000081e00000, 0x0000000100000000)
  region size 1024K, 42 young (43008K), 3 survivors (3072K)
 Metaspace       used 19783K, committed 20224K, reserved 1114112K
  class space    used 2633K, committed 2816K, reserved 1048576K
}
Event: 2.165 GC heap after
{Heap after GC invocations=3 (full 0):
 garbage-first heap   total 131072K, used 18607K [0x0000000081e00000, 0x0000000100000000)
  region size 1024K, 6 young (6144K), 6 survivors (6144K)
 Metaspace       used 19783K, committed 20224K, reserved 1114112K
  class space    used 2633K, committed 2816K, reserved 1048576K
}
Event: 2.757 GC heap before
{Heap before GC invocations=4 (full 0):
 garbage-first heap   total 68608K, used 53423K [0x0000000081e00000, 0x0000000100000000)
  region size 1024K, 40 young (40960K), 6 survivors (6144K)
 Metaspace       used 23069K, committed 23552K, reserved 1114112K
  class space    used 3113K, committed 3328K, reserved 1048576K
}
Event: 2.769 GC heap after
{Heap after GC invocations=5 (full 0):
 garbage-first heap   total 68608K, used 21024K [0x0000000081e00000, 0x0000000100000000)
  region size 1024K, 3 young (3072K), 3 survivors (3072K)
 Metaspace       used 23069K, committed 23552K, reserved 1114112K
  class space    used 3113K, committed 3328K, reserved 1048576K
}
Event: 3.273 GC heap before
{Heap before GC invocations=5 (full 0):
 garbage-first heap   total 68608K, used 49696K [0x0000000081e00000, 0x0000000100000000)
  region size 1024K, 31 young (31744K), 3 survivors (3072K)
 Metaspace       used 25984K, committed 26560K, reserved 1114112K
  class space    used 3530K, committed 3776K, reserved 1048576K
}
Event: 3.283 GC heap after
{Heap after GC invocations=6 (full 0):
 garbage-first heap   total 68608K, used 22978K [0x0000000081e00000, 0x0000000100000000)
  region size 1024K, 2 young (2048K), 2 survivors (2048K)
 Metaspace       used 25984K, committed 26560K, reserved 1114112K
  class space    used 3530K, committed 3776K, reserved 1048576K
}
Event: 3.802 GC heap before
{Heap before GC invocations=6 (full 0):
 garbage-first heap   total 68608K, used 52674K [0x0000000081e00000, 0x0000000100000000)
  region size 1024K, 31 young (31744K), 2 survivors (2048K)
 Metaspace       used 30600K, committed 31168K, reserved 1114112K
  class space    used 4190K, committed 4416K, reserved 1048576K
}
Event: 3.810 GC heap after
{Heap after GC invocations=7 (full 0):
 garbage-first heap   total 68608K, used 25926K [0x0000000081e00000, 0x0000000100000000)
  region size 1024K, 4 young (4096K), 4 survivors (4096K)
 Metaspace       used 30600K, committed 31168K, reserved 1114112K
  class space    used 4190K, committed 4416K, reserved 1048576K
}
Event: 4.050 GC heap before
{Heap before GC invocations=7 (full 0):
 garbage-first heap   total 68608K, used 38214K [0x0000000081e00000, 0x0000000100000000)
  region size 1024K, 18 young (18432K), 4 survivors (4096K)
 Metaspace       used 33104K, committed 33728K, reserved 1114112K
  class space    used 4497K, committed 4800K, reserved 1048576K
}
Event: 4.056 GC heap after
{Heap after GC invocations=8 (full 0):
 garbage-first heap   total 82944K, used 28002K [0x0000000081e00000, 0x0000000100000000)
  region size 1024K, 2 young (2048K), 2 survivors (2048K)
 Metaspace       used 33104K, committed 33728K, reserved 1114112K
  class space    used 4497K, committed 4800K, reserved 1048576K
}
Event: 5.011 GC heap before
{Heap before GC invocations=9 (full 0):
 garbage-first heap   total 82944K, used 67938K [0x0000000081e00000, 0x0000000100000000)
  region size 1024K, 42 young (43008K), 2 survivors (2048K)
 Metaspace       used 45252K, committed 45888K, reserved 1114112K
  class space    used 6191K, committed 6464K, reserved 1048576K
}
Event: 5.014 GC heap after
{Heap after GC invocations=10 (full 0):
 garbage-first heap   total 82944K, used 30931K [0x0000000081e00000, 0x0000000100000000)
  region size 1024K, 5 young (5120K), 5 survivors (5120K)
 Metaspace       used 45252K, committed 45888K, reserved 1114112K
  class space    used 6191K, committed 6464K, reserved 1048576K
}

