# JRE version: Java(TM) SE Runtime Environment (21.0.5+9) (build 21.0.5+9-LTS-239)
# Java VM: Java HotSpot(TM) 64-Bit Server VM (21.0.5+9-LTS-239, mixed mode, emulated-client, sharing, tiered, compressed oops, compressed class ptrs, g1 gc, windows-amd64)
GC Precious Log:
 CardTable entry size: 512
 Card Set container configuration: InlinePtr #cards 5 size 8 Array Of Cards #cards 12 size 40 Howl #buckets 4 coarsen threshold 1843 Howl Bitmap #cards 512 size 80 coarsen threshold 460 Card regions per heap region 1 cards per card region 2048
 CPUs: 8 total, 8 available
 Memory: 8070M
 Large Page Support: Disabled
 NUMA Support: Disabled
 Compressed Oops: Enabled (32-bit)
 Heap Region Size: 1M
 Heap Min Capacity: 8M
 Heap Initial Capacity: 128M
 Heap Max Capacity: 2018M
 Pre-touch: Disabled
 Parallel Workers: 8
 Concurrent Workers: 2
 Concurrent Refinement Workers: 8
 Periodic GC: Disabled
Heap:
 garbage-first heap   total 66560K, used 43611K [0x0000000081e00000, 0x0000000100000000)
  region size 1024K, 24 young (24576K), 3 survivors (3072K)
 Metaspace       used 51397K, committed 52032K, reserved 1114112K
  class space    used 6989K, committed 7296K, reserved 1048576K
GC Heap History (16 events):
Event: 1.543 GC heap before
{Heap before GC invocations=0 (full 0):
 garbage-first heap   total 131072K, used 24576K [0x0000000081e00000, 0x0000000100000000)
  region size 1024K, 23 young (23552K), 0 survivors (0K)
 Metaspace       used 7523K, committed 7744K, reserved 1114112K
  class space    used 900K, committed 1024K, reserved 1048576K
}
Event: 1.549 GC heap after
{Heap after GC invocations=1 (full 0):
 garbage-first heap   total 131072K, used 7929K [0x0000000081e00000, 0x0000000100000000)
  region size 1024K, 3 young (3072K), 3 survivors (3072K)
 Metaspace       used 7523K, committed 7744K, reserved 1114112K
  class space    used 900K, committed 1024K, reserved 1048576K
}
Event: 1.999 GC heap before
{Heap before GC invocations=1 (full 0):
 garbage-first heap   total 131072K, used 34553K [0x0000000081e00000, 0x0000000100000000)
  region size 1024K, 30 young (30720K), 3 survivors (3072K)
 Metaspace       used 14472K, committed 14784K, reserved 1114112K
  class space    used 1847K, committed 1984K, reserved 1048576K
}
Event: 2.005 GC heap after
{Heap after GC invocations=2 (full 0):
 garbage-first heap   total 131072K, used 10157K [0x0000000081e00000, 0x0000000100000000)
  region size 1024K, 2 young (2048K), 2 survivors (2048K)
 Metaspace       used 14472K, committed 14784K, reserved 1114112K
  class space    used 1847K, committed 1984K, reserved 1048576K
}
Event: 2.577 GC heap before
{Heap before GC invocations=2 (full 0):
 garbage-first heap   total 131072K, used 44973K [0x0000000081e00000, 0x0000000100000000)
  region size 1024K, 38 young (38912K), 2 survivors (2048K)
 Metaspace       used 20576K, committed 20992K, reserved 1114112K
  class space    used 2673K, committed 2880K, reserved 1048576K
}
Event: 2.585 GC heap after
{Heap after GC invocations=3 (full 0):
 garbage-first heap   total 131072K, used 14200K [0x0000000081e00000, 0x0000000100000000)
  region size 1024K, 6 young (6144K), 6 survivors (6144K)
 Metaspace       used 20576K, committed 20992K, reserved 1114112K
  class space    used 2673K, committed 2880K, reserved 1048576K
}
Event: 3.033 GC heap before
{Heap before GC invocations=4 (full 0):
 garbage-first heap   total 55296K, used 40824K [0x0000000081e00000, 0x0000000100000000)
  region size 1024K, 32 young (32768K), 6 survivors (6144K)
 Metaspace       used 23380K, committed 23808K, reserved 1114112K
  class space    used 3105K, committed 3264K, reserved 1048576K
}
Event: 3.043 GC heap after
{Heap after GC invocations=5 (full 0):
 garbage-first heap   total 55296K, used 16122K [0x0000000081e00000, 0x0000000100000000)
  region size 1024K, 3 young (3072K), 3 survivors (3072K)
 Metaspace       used 23380K, committed 23808K, reserved 1114112K
  class space    used 3105K, committed 3264K, reserved 1048576K
}
Event: 3.529 GC heap before
{Heap before GC invocations=5 (full 0):
 garbage-first heap   total 55296K, used 41722K [0x0000000081e00000, 0x0000000100000000)
  region size 1024K, 28 young (28672K), 3 survivors (3072K)
 Metaspace       used 27579K, committed 28096K, reserved 1114112K
  class space    used 3730K, committed 3968K, reserved 1048576K
}
Event: 3.536 GC heap after
{Heap after GC invocations=6 (full 0):
 garbage-first heap   total 55296K, used 18254K [0x0000000081e00000, 0x0000000100000000)
  region size 1024K, 4 young (4096K), 4 survivors (4096K)
 Metaspace       used 27579K, committed 28096K, reserved 1114112K
  class space    used 3730K, committed 3968K, reserved 1048576K
}
Event: 4.808 GC heap before
{Heap before GC invocations=6 (full 0):
 garbage-first heap   total 55296K, used 41806K [0x0000000081e00000, 0x0000000100000000)
  region size 1024K, 29 young (29696K), 4 survivors (4096K)
 Metaspace       used 34372K, committed 35008K, reserved 1114112K
  class space    used 4540K, committed 4864K, reserved 1048576K
}
Event: 4.814 GC heap after
{Heap after GC invocations=7 (full 0):
 garbage-first heap   total 55296K, used 21352K [0x0000000081e00000, 0x0000000100000000)
  region size 1024K, 3 young (3072K), 3 survivors (3072K)
 Metaspace       used 34372K, committed 35008K, reserved 1114112K
  class space    used 4540K, committed 4864K, reserved 1048576K
}
Event: 5.790 GC heap before
{Heap before GC invocations=8 (full 0):
 garbage-first heap   total 55296K, used 43880K [0x0000000081e00000, 0x0000000100000000)
  region size 1024K, 25 young (25600K), 3 survivors (3072K)
 Metaspace       used 40192K, committed 40832K, reserved 1114112K
  class space    used 5324K, committed 5568K, reserved 1048576K
}
Event: 5.793 GC heap after
{Heap after GC invocations=9 (full 0):
 garbage-first heap   total 66560K, used 22758K [0x0000000081e00000, 0x0000000100000000)
  region size 1024K, 2 young (2048K), 2 survivors (2048K)
 Metaspace       used 40192K, committed 40832K, reserved 1114112K
  class space    used 5324K, committed 5568K, reserved 1048576K
}
Event: 6.657 GC heap before
{Heap before GC invocations=9 (full 0):
 garbage-first heap   total 66560K, used 54502K [0x0000000081e00000, 0x0000000100000000)
  region size 1024K, 34 young (34816K), 2 survivors (2048K)
 Metaspace       used 47126K, committed 47808K, reserved 1114112K
  class space    used 6379K, committed 6720K, reserved 1048576K
}
Event: 6.660 GC heap after
{Heap after GC invocations=10 (full 0):
 garbage-first heap   total 66560K, used 24155K [0x0000000081e00000, 0x0000000100000000)
  region size 1024K, 3 young (3072K), 3 survivors (3072K)
 Metaspace       used 47126K, committed 47808K, reserved 1114112K
  class space    used 6379K, committed 6720K, reserved 1048576K
}

