# JRE version: Java(TM) SE Runtime Environment (21.0.5+9) (build 21.0.5+9-LTS-239)
# Java VM: Java HotSpot(TM) 64-Bit Server VM (21.0.5+9-LTS-239, mixed mode, emulated-client, sharing, tiered, compressed oops, compressed class ptrs, g1 gc, windows-amd64)
GC Precious Log:
 CardTable entry size: 512
 Card Set container configuration: InlinePtr #cards 5 size 8 Array Of Cards #cards 12 size 40 Howl #buckets 4 coarsen threshold 1843 Howl Bitmap #cards 512 size 80 coarsen threshold 460 Card regions per heap region 1 cards per card region 2048
 CPUs: 8 total, 8 available
 Memory: 8070M
 Large Page Support: Disabled
 NUMA Support: Disabled
 Compressed Oops: Enabled (32-bit)
 Heap Region Size: 1M
 Heap Min Capacity: 8M
 Heap Initial Capacity: 128M
 Heap Max Capacity: 2018M
 Pre-touch: Disabled
 Parallel Workers: 8
 Concurrent Workers: 2
 Concurrent Refinement Workers: 8
 Periodic GC: Disabled
Heap:
 garbage-first heap   total 100352K, used 74981K [0x0000000081e00000, 0x0000000100000000)
  region size 1024K, 38 young (38912K), 3 survivors (3072K)
 Metaspace       used 69730K, committed 70464K, reserved 1114112K
  class space    used 9656K, committed 9984K, reserved 1048576K
GC Heap History (20 events):
Event: 2.048 GC heap before
{Heap before GC invocations=4 (full 0):
 garbage-first heap   total 68608K, used 52068K [0x0000000081e00000, 0x0000000100000000)
  region size 1024K, 40 young (40960K), 6 survivors (6144K)
 Metaspace       used 23081K, committed 23552K, reserved 1114112K
  class space    used 3118K, committed 3328K, reserved 1048576K
}
Event: 2.060 GC heap after
{Heap after GC invocations=5 (full 0):
 garbage-first heap   total 68608K, used 21466K [0x0000000081e00000, 0x0000000100000000)
  region size 1024K, 4 young (4096K), 4 survivors (4096K)
 Metaspace       used 23081K, committed 23552K, reserved 1114112K
  class space    used 3118K, committed 3328K, reserved 1048576K
}
Event: 2.426 GC heap before
{Heap before GC invocations=5 (full 0):
 garbage-first heap   total 68608K, used 48090K [0x0000000081e00000, 0x0000000100000000)
  region size 1024K, 30 young (30720K), 4 survivors (4096K)
 Metaspace       used 25421K, committed 25856K, reserved 1114112K
  class space    used 3469K, committed 3648K, reserved 1048576K
}
Event: 2.434 GC heap after
{Heap after GC invocations=6 (full 0):
 garbage-first heap   total 68608K, used 22916K [0x0000000081e00000, 0x0000000100000000)
  region size 1024K, 2 young (2048K), 2 survivors (2048K)
 Metaspace       used 25421K, committed 25856K, reserved 1114112K
  class space    used 3469K, committed 3648K, reserved 1048576K
}
Event: 2.889 GC heap before
{Heap before GC invocations=6 (full 0):
 garbage-first heap   total 68608K, used 51588K [0x0000000081e00000, 0x0000000100000000)
  region size 1024K, 31 young (31744K), 2 survivors (2048K)
 Metaspace       used 30281K, committed 30912K, reserved 1114112K
  class space    used 4143K, committed 4416K, reserved 1048576K
}
Event: 2.898 GC heap after
{Heap after GC invocations=7 (full 0):
 garbage-first heap   total 82944K, used 25900K [0x0000000081e00000, 0x0000000100000000)
  region size 1024K, 4 young (4096K), 4 survivors (4096K)
 Metaspace       used 30281K, committed 30912K, reserved 1114112K
  class space    used 4143K, committed 4416K, reserved 1048576K
}
Event: 3.134 GC heap before
{Heap before GC invocations=7 (full 0):
 garbage-first heap   total 82944K, used 40236K [0x0000000081e00000, 0x0000000100000000)
  region size 1024K, 20 young (20480K), 4 survivors (4096K)
 Metaspace       used 33214K, committed 33856K, reserved 1114112K
  class space    used 4509K, committed 4800K, reserved 1048576K
}
Event: 3.138 GC heap after
{Heap after GC invocations=8 (full 0):
 garbage-first heap   total 82944K, used 28008K [0x0000000081e00000, 0x0000000100000000)
  region size 1024K, 5 young (5120K), 5 survivors (5120K)
 Metaspace       used 33214K, committed 33856K, reserved 1114112K
  class space    used 4509K, committed 4800K, reserved 1048576K
}
Event: 3.855 GC heap before
{Heap before GC invocations=9 (full 0):
 garbage-first heap   total 82944K, used 67944K [0x0000000081e00000, 0x0000000100000000)
  region size 1024K, 44 young (45056K), 5 survivors (5120K)
 Metaspace       used 45294K, committed 45952K, reserved 1114112K
  class space    used 6195K, committed 6464K, reserved 1048576K
}
Event: 3.860 GC heap after
{Heap after GC invocations=10 (full 0):
 garbage-first heap   total 82944K, used 31041K [0x0000000081e00000, 0x0000000100000000)
  region size 1024K, 5 young (5120K), 5 survivors (5120K)
 Metaspace       used 45294K, committed 45952K, reserved 1114112K
  class space    used 6195K, committed 6464K, reserved 1048576K
}
Event: 4.419 GC heap before
{Heap before GC invocations=10 (full 0):
 garbage-first heap   total 82944K, used 68929K [0x0000000081e00000, 0x0000000100000000)
  region size 1024K, 43 young (44032K), 5 survivors (5120K)
 Metaspace       used 54145K, committed 54848K, reserved 1114112K
  class space    used 7454K, committed 7744K, reserved 1048576K
}
Event: 4.424 GC heap after
{Heap after GC invocations=11 (full 0):
 garbage-first heap   total 82944K, used 33297K [0x0000000081e00000, 0x0000000100000000)
  region size 1024K, 6 young (6144K), 6 survivors (6144K)
 Metaspace       used 54145K, committed 54848K, reserved 1114112K
  class space    used 7454K, committed 7744K, reserved 1048576K
}
Event: 4.555 GC heap before
{Heap before GC invocations=11 (full 0):
 garbage-first heap   total 82944K, used 40465K [0x0000000081e00000, 0x0000000100000000)
  region size 1024K, 14 young (14336K), 6 survivors (6144K)
 Metaspace       used 56344K, committed 56960K, reserved 1114112K
  class space    used 7799K, committed 8064K, reserved 1048576K
}
Event: 4.559 GC heap after
{Heap after GC invocations=12 (full 0):
 garbage-first heap   total 82944K, used 33524K [0x0000000081e00000, 0x0000000100000000)
  region size 1024K, 3 young (3072K), 3 survivors (3072K)
 Metaspace       used 56344K, committed 56960K, reserved 1114112K
  class space    used 7799K, committed 8064K, reserved 1048576K
}
Event: 4.993 GC heap before
{Heap before GC invocations=13 (full 0):
 garbage-first heap   total 82944K, used 72436K [0x0000000081e00000, 0x0000000100000000)
  region size 1024K, 41 young (41984K), 3 survivors (3072K)
 Metaspace       used 59425K, committed 60096K, reserved 1114112K
  class space    used 8315K, committed 8576K, reserved 1048576K
}
Event: 4.996 GC heap after
{Heap after GC invocations=14 (full 0):
 garbage-first heap   total 82944K, used 34585K [0x0000000081e00000, 0x0000000100000000)
  region size 1024K, 4 young (4096K), 4 survivors (4096K)
 Metaspace       used 59425K, committed 60096K, reserved 1114112K
  class space    used 8315K, committed 8576K, reserved 1048576K
}
Event: 5.498 GC heap before
{Heap before GC invocations=14 (full 0):
 garbage-first heap   total 82944K, used 73497K [0x0000000081e00000, 0x0000000100000000)
  region size 1024K, 42 young (43008K), 4 survivors (4096K)
 Metaspace       used 65220K, committed 66048K, reserved 1114112K
  class space    used 9101K, committed 9472K, reserved 1048576K
}
Event: 5.503 GC heap after
{Heap after GC invocations=15 (full 0):
 garbage-first heap   total 82944K, used 37538K [0x0000000081e00000, 0x0000000100000000)
  region size 1024K, 5 young (5120K), 5 survivors (5120K)
 Metaspace       used 65220K, committed 66048K, reserved 1114112K
  class space    used 9101K, committed 9472K, reserved 1048576K
}
Event: 5.793 GC heap before
{Heap before GC invocations=15 (full 0):
 garbage-first heap   total 82944K, used 72354K [0x0000000081e00000, 0x0000000100000000)
  region size 1024K, 39 young (39936K), 5 survivors (5120K)
 Metaspace       used 66538K, committed 67328K, reserved 1114112K
  class space    used 9195K, committed 9536K, reserved 1048576K
}
Event: 5.797 GC heap after
{Heap after GC invocations=16 (full 0):
 garbage-first heap   total 100352K, used 40165K [0x0000000081e00000, 0x0000000100000000)
  region size 1024K, 3 young (3072K), 3 survivors (3072K)
 Metaspace       used 66538K, committed 67328K, reserved 1114112K
  class space    used 9195K, committed 9536K, reserved 1048576K
}

