# JRE version: Java(TM) SE Runtime Environment (21.0.5+9) (build 21.0.5+9-LTS-239)
# Java VM: Java HotSpot(TM) 64-Bit Server VM (21.0.5+9-LTS-239, mixed mode, emulated-client, sharing, tiered, compressed oops, compressed class ptrs, g1 gc, windows-amd64)
GC Precious Log:
 CardTable entry size: 512
 Card Set container configuration: InlinePtr #cards 5 size 8 Array Of Cards #cards 12 size 40 Howl #buckets 4 coarsen threshold 1843 Howl Bitmap #cards 512 size 80 coarsen threshold 460 Card regions per heap region 1 cards per card region 2048
 CPUs: 8 total, 8 available
 Memory: 8070M
 Large Page Support: Disabled
 NUMA Support: Disabled
 Compressed Oops: Enabled (32-bit)
 Heap Region Size: 1M
 Heap Min Capacity: 8M
 Heap Initial Capacity: 128M
 Heap Max Capacity: 2018M
 Pre-touch: Disabled
 Parallel Workers: 8
 Concurrent Workers: 2
 Concurrent Refinement Workers: 8
 Periodic GC: Disabled
Heap:
 garbage-first heap   total 79872K, used 52288K [0x0000000081e00000, 0x0000000100000000)
  region size 1024K, 20 young (20480K), 5 survivors (5120K)
 Metaspace       used 71579K, committed 72384K, reserved 1114112K
  class space    used 9857K, committed 10240K, reserved 1048576K
GC Heap History (20 events):
Event: 9.968 GC heap before
{Heap before GC invocations=6 (full 0):
 garbage-first heap   total 55296K, used 43359K [0x0000000081e00000, 0x0000000100000000)
  region size 1024K, 29 young (29696K), 4 survivors (4096K)
 Metaspace       used 28089K, committed 28608K, reserved 1114112K
  class space    used 3813K, committed 4096K, reserved 1048576K
}
Event: 9.977 GC heap after
{Heap after GC invocations=7 (full 0):
 garbage-first heap   total 66560K, used 19898K [0x0000000081e00000, 0x0000000100000000)
  region size 1024K, 4 young (4096K), 4 survivors (4096K)
 Metaspace       used 28089K, committed 28608K, reserved 1114112K
  class space    used 3813K, committed 4096K, reserved 1048576K
}
Event: 10.440 GC heap before
{Heap before GC invocations=7 (full 0):
 garbage-first heap   total 66560K, used 46522K [0x0000000081e00000, 0x0000000100000000)
  region size 1024K, 31 young (31744K), 4 survivors (4096K)
 Metaspace       used 32867K, committed 33408K, reserved 1114112K
  class space    used 4379K, committed 4608K, reserved 1048576K
}
Event: 10.445 GC heap after
{Heap after GC invocations=8 (full 0):
 garbage-first heap   total 66560K, used 22356K [0x0000000081e00000, 0x0000000100000000)
  region size 1024K, 5 young (5120K), 5 survivors (5120K)
 Metaspace       used 32867K, committed 33408K, reserved 1114112K
  class space    used 4379K, committed 4608K, reserved 1048576K
}
Event: 12.227 GC heap before
{Heap before GC invocations=9 (full 0):
 garbage-first heap   total 66560K, used 55124K [0x0000000081e00000, 0x0000000100000000)
  region size 1024K, 37 young (37888K), 5 survivors (5120K)
 Metaspace       used 43166K, committed 43712K, reserved 1114112K
  class space    used 5769K, committed 6016K, reserved 1048576K
}
Event: 12.232 GC heap after
{Heap after GC invocations=10 (full 0):
 garbage-first heap   total 66560K, used 24799K [0x0000000081e00000, 0x0000000100000000)
  region size 1024K, 5 young (5120K), 5 survivors (5120K)
 Metaspace       used 43166K, committed 43712K, reserved 1114112K
  class space    used 5769K, committed 6016K, reserved 1048576K
}
Event: 13.120 GC heap before
{Heap before GC invocations=10 (full 0):
 garbage-first heap   total 66560K, used 55519K [0x0000000081e00000, 0x0000000100000000)
  region size 1024K, 35 young (35840K), 5 survivors (5120K)
 Metaspace       used 48899K, committed 49536K, reserved 1114112K
  class space    used 6617K, committed 6912K, reserved 1048576K
}
Event: 13.124 GC heap after
{Heap after GC invocations=11 (full 0):
 garbage-first heap   total 66560K, used 26567K [0x0000000081e00000, 0x0000000100000000)
  region size 1024K, 5 young (5120K), 5 survivors (5120K)
 Metaspace       used 48899K, committed 49536K, reserved 1114112K
  class space    used 6617K, committed 6912K, reserved 1048576K
}
Event: 13.586 GC heap before
{Heap before GC invocations=11 (full 0):
 garbage-first heap   total 66560K, used 49095K [0x0000000081e00000, 0x0000000100000000)
  region size 1024K, 29 young (29696K), 5 survivors (5120K)
 Metaspace       used 55408K, committed 56000K, reserved 1114112K
  class space    used 7588K, committed 7872K, reserved 1048576K
}
Event: 13.591 GC heap after
{Heap after GC invocations=12 (full 0):
 garbage-first heap   total 66560K, used 27594K [0x0000000081e00000, 0x0000000100000000)
  region size 1024K, 4 young (4096K), 4 survivors (4096K)
 Metaspace       used 55408K, committed 56000K, reserved 1114112K
  class space    used 7588K, committed 7872K, reserved 1048576K
}
Event: 13.955 GC heap before
{Heap before GC invocations=13 (full 0):
 garbage-first heap   total 66560K, used 57290K [0x0000000081e00000, 0x0000000100000000)
  region size 1024K, 33 young (33792K), 4 survivors (4096K)
 Metaspace       used 56856K, committed 57472K, reserved 1114112K
  class space    used 7891K, committed 8192K, reserved 1048576K
}
Event: 13.958 GC heap after
{Heap after GC invocations=14 (full 0):
 garbage-first heap   total 66560K, used 28302K [0x0000000081e00000, 0x0000000100000000)
  region size 1024K, 2 young (2048K), 2 survivors (2048K)
 Metaspace       used 56856K, committed 57472K, reserved 1114112K
  class space    used 7891K, committed 8192K, reserved 1048576K
}
Event: 14.436 GC heap before
{Heap before GC invocations=14 (full 0):
 garbage-first heap   total 66560K, used 59022K [0x0000000081e00000, 0x0000000100000000)
  region size 1024K, 32 young (32768K), 2 survivors (2048K)
 Metaspace       used 62234K, committed 62912K, reserved 1114112K
  class space    used 8608K, committed 8896K, reserved 1048576K
}
Event: 14.440 GC heap after
{Heap after GC invocations=15 (full 0):
 garbage-first heap   total 66560K, used 30662K [0x0000000081e00000, 0x0000000100000000)
  region size 1024K, 4 young (4096K), 4 survivors (4096K)
 Metaspace       used 62234K, committed 62912K, reserved 1114112K
  class space    used 8608K, committed 8896K, reserved 1048576K
}
Event: 14.792 GC heap before
{Heap before GC invocations=15 (full 0):
 garbage-first heap   total 66560K, used 58310K [0x0000000081e00000, 0x0000000100000000)
  region size 1024K, 31 young (31744K), 4 survivors (4096K)
 Metaspace       used 64821K, committed 65536K, reserved 1114112K
  class space    used 8950K, committed 9280K, reserved 1048576K
}
Event: 14.796 GC heap after
{Heap after GC invocations=16 (full 0):
 garbage-first heap   total 66560K, used 33703K [0x0000000081e00000, 0x0000000100000000)
  region size 1024K, 3 young (3072K), 3 survivors (3072K)
 Metaspace       used 64821K, committed 65536K, reserved 1114112K
  class space    used 8950K, committed 9280K, reserved 1048576K
}
Event: 15.013 GC heap before
{Heap before GC invocations=16 (full 0):
 garbage-first heap   total 66560K, used 58279K [0x0000000081e00000, 0x0000000100000000)
  region size 1024K, 27 young (27648K), 3 survivors (3072K)
 Metaspace       used 65855K, committed 66560K, reserved 1114112K
  class space    used 9030K, committed 9344K, reserved 1048576K
}
Event: 15.017 GC heap after
{Heap after GC invocations=17 (full 0):
 garbage-first heap   total 79872K, used 35613K [0x0000000081e00000, 0x0000000100000000)
  region size 1024K, 3 young (3072K), 3 survivors (3072K)
 Metaspace       used 65855K, committed 66560K, reserved 1114112K
  class space    used 9030K, committed 9344K, reserved 1048576K
}
Event: 15.519 GC heap before
{Heap before GC invocations=18 (full 0):
 garbage-first heap   total 79872K, used 69405K [0x0000000081e00000, 0x0000000100000000)
  region size 1024K, 36 young (36864K), 3 survivors (3072K)
 Metaspace       used 69444K, committed 70272K, reserved 1114112K
  class space    used 9565K, committed 9920K, reserved 1048576K
}
Event: 15.523 GC heap after
{Heap after GC invocations=19 (full 0):
 garbage-first heap   total 79872K, used 38976K [0x0000000081e00000, 0x0000000100000000)
  region size 1024K, 5 young (5120K), 5 survivors (5120K)
 Metaspace       used 69444K, committed 70272K, reserved 1114112K
  class space    used 9565K, committed 9920K, reserved 1048576K
}

