# JRE version: Java(TM) SE Runtime Environment (21.0.5+9) (build 21.0.5+9-LTS-239)
# Java VM: Java HotSpot(TM) 64-Bit Server VM (21.0.5+9-LTS-239, mixed mode, emulated-client, sharing, tiered, compressed oops, compressed class ptrs, g1 gc, windows-amd64)
GC Precious Log:
 CardTable entry size: 512
 Card Set container configuration: InlinePtr #cards 5 size 8 Array Of Cards #cards 12 size 40 Howl #buckets 4 coarsen threshold 1843 Howl Bitmap #cards 512 size 80 coarsen threshold 460 Card regions per heap region 1 cards per card region 2048
 CPUs: 8 total, 8 available
 Memory: 8070M
 Large Page Support: Disabled
 NUMA Support: Disabled
 Compressed Oops: Enabled (32-bit)
 Heap Region Size: 1M
 Heap Min Capacity: 8M
 Heap Initial Capacity: 128M
 Heap Max Capacity: 2018M
 Pre-touch: Disabled
 Parallel Workers: 8
 Concurrent Workers: 2
 Concurrent Refinement Workers: 8
 Periodic GC: Disabled
Heap:
 garbage-first heap   total 70656K, used 29802K [0x0000000081e00000, 0x0000000100000000)
  region size 1024K, 8 young (8192K), 3 survivors (3072K)
 Metaspace       used 53424K, committed 54080K, reserved 1114112K
  class space    used 7269K, committed 7552K, reserved 1048576K
GC Heap History (20 events):
Event: 0.657 GC heap before
{Heap before GC invocations=0 (full 0):
 garbage-first heap   total 131072K, used 23552K [0x0000000081e00000, 0x0000000100000000)
  region size 1024K, 23 young (23552K), 0 survivors (0K)
 Metaspace       used 7549K, committed 7808K, reserved 1114112K
  class space    used 909K, committed 1024K, reserved 1048576K
}
Event: 0.664 GC heap after
{Heap after GC invocations=1 (full 0):
 garbage-first heap   total 131072K, used 7978K [0x0000000081e00000, 0x0000000100000000)
  region size 1024K, 3 young (3072K), 3 survivors (3072K)
 Metaspace       used 7549K, committed 7808K, reserved 1114112K
  class space    used 909K, committed 1024K, reserved 1048576K
}
Event: 1.140 GC heap before
{Heap before GC invocations=1 (full 0):
 garbage-first heap   total 131072K, used 33578K [0x0000000081e00000, 0x0000000100000000)
  region size 1024K, 29 young (29696K), 3 survivors (3072K)
 Metaspace       used 13673K, committed 14080K, reserved 1114112K
  class space    used 1761K, committed 1920K, reserved 1048576K
}
Event: 1.145 GC heap after
{Heap after GC invocations=2 (full 0):
 garbage-first heap   total 131072K, used 10203K [0x0000000081e00000, 0x0000000100000000)
  region size 1024K, 2 young (2048K), 2 survivors (2048K)
 Metaspace       used 13673K, committed 14080K, reserved 1114112K
  class space    used 1761K, committed 1920K, reserved 1048576K
}
Event: 1.522 GC heap before
{Heap before GC invocations=2 (full 0):
 garbage-first heap   total 131072K, used 39899K [0x0000000081e00000, 0x0000000100000000)
  region size 1024K, 33 young (33792K), 2 survivors (2048K)
 Metaspace       used 19382K, committed 19776K, reserved 1114112K
  class space    used 2522K, committed 2688K, reserved 1048576K
}
Event: 1.528 GC heap after
{Heap after GC invocations=3 (full 0):
 garbage-first heap   total 131072K, used 13312K [0x0000000081e00000, 0x0000000100000000)
  region size 1024K, 5 young (5120K), 5 survivors (5120K)
 Metaspace       used 19382K, committed 19776K, reserved 1114112K
  class space    used 2522K, committed 2688K, reserved 1048576K
}
Event: 1.843 GC heap before
{Heap before GC invocations=4 (full 0):
 garbage-first heap   total 48128K, used 35840K [0x0000000081e00000, 0x0000000100000000)
  region size 1024K, 28 young (28672K), 5 survivors (5120K)
 Metaspace       used 21562K, committed 21888K, reserved 1114112K
  class space    used 2852K, committed 3008K, reserved 1048576K
}
Event: 1.853 GC heap after
{Heap after GC invocations=5 (full 0):
 garbage-first heap   total 48128K, used 14949K [0x0000000081e00000, 0x0000000100000000)
  region size 1024K, 2 young (2048K), 2 survivors (2048K)
 Metaspace       used 21562K, committed 21888K, reserved 1114112K
  class space    used 2852K, committed 3008K, reserved 1048576K
}
Event: 2.145 GC heap before
{Heap before GC invocations=5 (full 0):
 garbage-first heap   total 48128K, used 36453K [0x0000000081e00000, 0x0000000100000000)
  region size 1024K, 23 young (23552K), 2 survivors (2048K)
 Metaspace       used 23696K, committed 24128K, reserved 1114112K
  class space    used 3158K, committed 3328K, reserved 1048576K
}
Event: 2.151 GC heap after
{Heap after GC invocations=6 (full 0):
 garbage-first heap   total 58368K, used 16159K [0x0000000081e00000, 0x0000000100000000)
  region size 1024K, 2 young (2048K), 2 survivors (2048K)
 Metaspace       used 23696K, committed 24128K, reserved 1114112K
  class space    used 3158K, committed 3328K, reserved 1048576K
}
Event: 2.594 GC heap before
{Heap before GC invocations=6 (full 0):
 garbage-first heap   total 58368K, used 44831K [0x0000000081e00000, 0x0000000100000000)
  region size 1024K, 30 young (30720K), 2 survivors (2048K)
 Metaspace       used 28178K, committed 28736K, reserved 1114112K
  class space    used 3821K, committed 4096K, reserved 1048576K
}
Event: 2.601 GC heap after
{Heap after GC invocations=7 (full 0):
 garbage-first heap   total 58368K, used 19023K [0x0000000081e00000, 0x0000000100000000)
  region size 1024K, 4 young (4096K), 4 survivors (4096K)
 Metaspace       used 28178K, committed 28736K, reserved 1114112K
  class space    used 3821K, committed 4096K, reserved 1048576K
}
Event: 2.970 GC heap before
{Heap before GC invocations=7 (full 0):
 garbage-first heap   total 58368K, used 41551K [0x0000000081e00000, 0x0000000100000000)
  region size 1024K, 28 young (28672K), 4 survivors (4096K)
 Metaspace       used 32379K, committed 32960K, reserved 1114112K
  class space    used 4340K, committed 4608K, reserved 1048576K
}
Event: 2.974 GC heap after
{Heap after GC invocations=8 (full 0):
 garbage-first heap   total 58368K, used 21489K [0x0000000081e00000, 0x0000000100000000)
  region size 1024K, 3 young (3072K), 3 survivors (3072K)
 Metaspace       used 32379K, committed 32960K, reserved 1114112K
  class space    used 4340K, committed 4608K, reserved 1048576K
}
Event: 3.554 GC heap before
{Heap before GC invocations=9 (full 0):
 garbage-first heap   total 58368K, used 48113K [0x0000000081e00000, 0x0000000100000000)
  region size 1024K, 29 young (29696K), 3 survivors (3072K)
 Metaspace       used 41498K, committed 42112K, reserved 1114112K
  class space    used 5530K, committed 5760K, reserved 1048576K
}
Event: 3.557 GC heap after
{Heap after GC invocations=10 (full 0):
 garbage-first heap   total 58368K, used 23149K [0x0000000081e00000, 0x0000000100000000)
  region size 1024K, 4 young (4096K), 4 survivors (4096K)
 Metaspace       used 41498K, committed 42112K, reserved 1114112K
  class space    used 5530K, committed 5760K, reserved 1048576K
}
Event: 3.933 GC heap before
{Heap before GC invocations=10 (full 0):
 garbage-first heap   total 58368K, used 47725K [0x0000000081e00000, 0x0000000100000000)
  region size 1024K, 29 young (29696K), 4 survivors (4096K)
 Metaspace       used 46630K, committed 47232K, reserved 1114112K
  class space    used 6336K, committed 6592K, reserved 1048576K
}
Event: 3.937 GC heap after
{Heap after GC invocations=11 (full 0):
 garbage-first heap   total 58368K, used 24109K [0x0000000081e00000, 0x0000000100000000)
  region size 1024K, 4 young (4096K), 4 survivors (4096K)
 Metaspace       used 46630K, committed 47232K, reserved 1114112K
  class space    used 6336K, committed 6592K, reserved 1048576K
}
Event: 4.314 GC heap before
{Heap before GC invocations=11 (full 0):
 garbage-first heap   total 58368K, used 47661K [0x0000000081e00000, 0x0000000100000000)
  region size 1024K, 28 young (28672K), 4 survivors (4096K)
 Metaspace       used 51913K, committed 52608K, reserved 1114112K
  class space    used 7109K, committed 7424K, reserved 1048576K
}
Event: 4.317 GC heap after
{Heap after GC invocations=12 (full 0):
 garbage-first heap   total 70656K, used 25706K [0x0000000081e00000, 0x0000000100000000)
  region size 1024K, 3 young (3072K), 3 survivors (3072K)
 Metaspace       used 51913K, committed 52608K, reserved 1114112K
  class space    used 7109K, committed 7424K, reserved 1048576K
}

